-------------------------------------------------------------------------------
Test set: TestRunner.TestRunnerNG
-------------------------------------------------------------------------------
Tests run: 2, Failures: 1, Errors: 0, Skipped: 0, Time elapsed: 105.244 s <<< FAILURE! - in TestRunner.TestRunnerNG
tearDownClass(TestRunner.TestRunnerNG)  Time elapsed: 104.209 s  <<< FAILURE!
java.lang.RuntimeException: java.net.UnknownHostException: messages.cucumber.io
Caused by: java.net.UnknownHostException: messages.cucumber.io
Caused by: java.net.UnknownHostException: messages.cucumber.io

